<?xml version="1.0"?>
<testsuites>
  <testsuite name="PhantomJS 1.9.7 (Mac OS X)" package="" timestamp="2014-02-27T18:18:43" id="0" hostname="MacBook-Pro-de-Frederic.local" tests="2" errors="0" failures="0" time="0.01">
    <properties>
      <property name="browser.fullName" value="Mozilla/5.0 (Macintosh; Intel Mac OS X) AppleWebKit/534.34 (KHTML, like Gecko) PhantomJS/1.9.7 Safari/534.34"/>
    </properties>
    <testcase name="should attach a list of awesomeThings to the scope" time="0.008" classname="PhantomJS 1.9.7 (Mac OS X).Controller: CkeditorCtrl"/>
    <testcase name="should attach a list of awesomeThings to the scope" time="0.002" classname="PhantomJS 1.9.7 (Mac OS X).Controller: MainCtrl"/>
    <system-out><![CDATA[
]]></system-out>
    <system-err/>
  </testsuite>
</testsuites>
